<?xml version="1.0" encoding="UTF-8"?>
<testng-results ignored="0" total="1" passed="1" failed="0" skipped="0">
  <reporter-output>
  </reporter-output>
  <suite started-at="2022-01-08T15:25:11 IST" name="Default suite" finished-at="2022-01-08T15:25:12 IST" duration-ms="109">
    <groups>
    </groups>
    <test started-at="2022-01-08T15:25:11 IST" name="Default test" finished-at="2022-01-08T15:25:12 IST" duration-ms="109">
      <class name="MavenDemoTest.MavenDemoTest.Testapp">
        <test-method signature="createTest()[pri:0, instance:MavenDemoTest.MavenDemoTest.Testapp@55536d9e]" started-at="2022-01-08T15:25:11 IST" name="createTest" finished-at="2022-01-08T15:25:12 IST" duration-ms="18" status="PASS">
          <reporter-output>
          </reporter-output>
        </test-method> <!-- createTest -->
      </class> <!-- MavenDemoTest.MavenDemoTest.Testapp -->
    </test> <!-- Default test -->
  </suite> <!-- Default suite -->
</testng-results>
