<?xml version="1.0" encoding="UTF-8"?>
<testng-results ignored="0" total="1" passed="1" failed="0" skipped="0">
  <reporter-output>
  </reporter-output>
  <suite started-at="2022-01-15T23:28:57 IST" name="Default suite" finished-at="2022-01-15T23:29:47 IST" duration-ms="50623">
    <groups>
    </groups>
    <test started-at="2022-01-15T23:28:57 IST" name="Default test" finished-at="2022-01-15T23:29:47 IST" duration-ms="50623">
      <class name="MavenDemoTest.MavenDemoTest.BarcodeTest">
        <test-method signature="barcodetest()[pri:0, instance:MavenDemoTest.MavenDemoTest.BarcodeTest@37654521]" started-at="2022-01-15T23:28:57 IST" name="barcodetest" finished-at="2022-01-15T23:29:47 IST" duration-ms="50472" status="PASS">
          <reporter-output>
          </reporter-output>
        </test-method> <!-- barcodetest -->
      </class> <!-- MavenDemoTest.MavenDemoTest.BarcodeTest -->
    </test> <!-- Default test -->
  </suite> <!-- Default suite -->
</testng-results>
